Arguments: 
  C:\Program Files\nodejs\node.exe C:\Users\tarun\AppData\Roaming\npm\node_modules\yarn\bin\yarn.js run android

PATH: 
  C:\Program Files (x86)\Common Files\Intel\Shared Libraries\redist\intel64\compiler;C:\ProgramData\Oracle\Java\javapath;C:\WINDOWS\system32;C:\WINDOWS;C:\WINDOWS\System32\Wbem;C:\WINDOWS\System32\WindowsPowerShell\v1.0\;C:\Program Files\PuTTY\;C:\Android;C:\Windows\System32;C:\Program Files\Git\cmd;C:\Program Files\nodejs\;C:\Users\tarun\AppData\Local\Microsoft\WindowsApps;C:\Users\tarun\AppData\Local\atom\bin;C:\Users\tarun\.babun;C:\flutter\bin;C:\Users\tarun\AppData\Roaming\npm

Yarn version: 
  1.5.1

Node version: 
  9.5.0

Platform: 
  win32 x64

npm manifest: 
  No manifest

yarn manifest: 
  No manifest

Lockfile: 
  No lockfile

Trace: 
  Error: Couldn't find a package.json file in "E:\\react-projects"
      at new MessageError (C:\Users\tarun\AppData\Roaming\npm\node_modules\yarn\lib\cli.js:186:110)
      at C:\Users\tarun\AppData\Roaming\npm\node_modules\yarn\lib\cli.js:40048:15
      at Generator.next (<anonymous>)
      at step (C:\Users\tarun\AppData\Roaming\npm\node_modules\yarn\lib\cli.js:98:30)
      at C:\Users\tarun\AppData\Roaming\npm\node_modules\yarn\lib\cli.js:109:13
      at <anonymous>
